[2025-02-15T15:03:39.688Z] [INFO] 程序启动
[2025-02-15T15:03:39.693Z] [INFO] 发现 153 张图片，开始上传...
[2025-02-15T15:03:39.694Z] [INFO] [1/153] 正在上传 001.jpg
[2025-02-15T15:03:43.257Z] [INFO] [2/153] 正在上传 002.jpg
[2025-02-15T15:03:44.783Z] [INFO] [3/153] 正在上传 003.jpg
[2025-02-15T15:03:46.240Z] [INFO] [4/153] 正在上传 004.jpg
[2025-02-15T15:03:48.221Z] [INFO] [5/153] 正在上传 005.jpg
[2025-02-15T15:03:49.890Z] [INFO] [6/153] 正在上传 006.jpg
[2025-02-15T15:03:52.854Z] [INFO] [7/153] 正在上传 007.jpg
[2025-02-15T15:03:55.135Z] [INFO] [8/153] 正在上传 008.jpg
[2025-02-15T15:03:57.138Z] [INFO] [9/153] 正在上传 009.jpg
[2025-02-15T15:03:59.453Z] [INFO] [10/153] 正在上传 010.jpg
[2025-02-15T15:04:01.830Z] [INFO] [11/153] 正在上传 011.jpg
[2025-02-15T15:04:04.005Z] [INFO] [12/153] 正在上传 012.jpg
[2025-02-15T15:04:06.487Z] [INFO] [13/153] 正在上传 013.jpg
[2025-02-15T15:04:08.605Z] [INFO] [14/153] 正在上传 014.jpg
[2025-02-15T15:04:11.318Z] [INFO] [15/153] 正在上传 015.jpg
[2025-02-15T15:04:13.490Z] [INFO] [16/153] 正在上传 016.jpg
[2025-02-15T15:04:15.651Z] [INFO] [17/153] 正在上传 017.jpg
[2025-02-15T15:04:16.841Z] [INFO] [18/153] 正在上传 018.jpg
[2025-02-15T15:04:17.720Z] [INFO] [19/153] 正在上传 019.jpg
[2025-02-15T15:04:19.622Z] [INFO] [20/153] 正在上传 020.jpg
[2025-02-15T15:04:31.381Z] [INFO] [20/153] 正在上传 020.jpg (第 1 次重试)
[2025-02-15T15:04:43.390Z] [INFO] [20/153] 正在上传 020.jpg (第 2 次重试)
[2025-02-15T15:04:46.701Z] [INFO] [21/153] 正在上传 021.jpg
[2025-02-15T15:04:49.925Z] [INFO] [22/153] 正在上传 022.jpg
[2025-02-15T15:04:53.406Z] [INFO] [23/153] 正在上传 023.jpg
[2025-02-15T15:04:55.801Z] [INFO] [24/153] 正在上传 024.jpg
[2025-02-15T15:04:59.183Z] [INFO] [25/153] 正在上传 025.jpg
[2025-02-15T15:05:02.456Z] [INFO] [26/153] 正在上传 026.jpg
[2025-02-15T15:05:05.665Z] [INFO] [27/153] 正在上传 027.jpg
[2025-02-15T15:05:08.950Z] [INFO] [28/153] 正在上传 028.jpg
[2025-02-15T15:05:10.964Z] [INFO] [29/153] 正在上传 029.jpg
[2025-02-15T15:05:14.368Z] [INFO] [30/153] 正在上传 030.jpg
[2025-02-15T15:05:16.511Z] [INFO] [31/153] 正在上传 031.jpg
[2025-02-15T15:05:19.032Z] [INFO] [32/153] 正在上传 032.jpg
[2025-02-15T15:05:20.415Z] [INFO] [33/153] 正在上传 033.jpg
[2025-02-15T15:05:23.591Z] [INFO] [34/153] 正在上传 034.jpg
[2025-02-15T15:05:26.213Z] [INFO] [35/153] 正在上传 035.jpg
[2025-02-15T15:05:29.566Z] [INFO] [36/153] 正在上传 036.jpg
[2025-02-15T15:05:33.291Z] [INFO] [37/153] 正在上传 037.jpg
[2025-02-15T15:05:36.740Z] [INFO] [38/153] 正在上传 038.jpg
[2025-02-15T15:05:40.697Z] [INFO] [39/153] 正在上传 039.jpg
[2025-02-15T15:05:45.007Z] [INFO] [40/153] 正在上传 040.jpg
[2025-02-15T15:05:49.279Z] [INFO] [41/153] 正在上传 041.jpg
[2025-02-15T15:05:53.050Z] [INFO] [42/153] 正在上传 042.jpg
[2025-02-15T15:05:56.857Z] [INFO] [43/153] 正在上传 043.jpg
[2025-02-15T15:05:59.702Z] [INFO] [44/153] 正在上传 044.jpg
[2025-02-15T15:06:03.251Z] [INFO] [45/153] 正在上传 045.jpg
[2025-02-15T15:06:04.680Z] [INFO] [46/153] 正在上传 046.jpg
[2025-02-15T15:06:06.070Z] [INFO] [47/153] 正在上传 047.jpg
[2025-02-15T15:06:08.708Z] [INFO] [48/153] 正在上传 048.jpg
[2025-02-15T15:06:11.178Z] [INFO] [49/153] 正在上传 049.jpg
[2025-02-15T15:06:14.784Z] [INFO] [50/153] 正在上传 050.jpg
[2025-02-15T15:06:17.888Z] [INFO] [51/153] 正在上传 051.jpg
[2025-02-15T15:06:20.885Z] [INFO] [52/153] 正在上传 052.jpg
[2025-02-15T15:06:24.078Z] [INFO] [53/153] 正在上传 053.jpg
[2025-02-15T15:06:28.661Z] [INFO] [54/153] 正在上传 054.jpg
[2025-02-15T15:06:31.072Z] [INFO] [55/153] 正在上传 055.jpg
[2025-02-15T15:06:33.532Z] [INFO] [56/153] 正在上传 056.jpg
[2025-02-15T15:06:36.929Z] [INFO] [57/153] 正在上传 057.jpg
[2025-02-15T15:06:39.569Z] [INFO] [58/153] 正在上传 058.jpg
[2025-02-15T15:06:41.689Z] [INFO] [59/153] 正在上传 059.jpg
[2025-02-15T15:06:49.461Z] [INFO] [60/153] 正在上传 060.jpg
[2025-02-15T15:06:50.844Z] [INFO] [61/153] 正在上传 061.jpg
[2025-02-15T15:06:53.228Z] [INFO] [62/153] 正在上传 062.jpg
[2025-02-15T15:06:56.752Z] [INFO] [63/153] 正在上传 063.jpg
[2025-02-15T15:06:59.163Z] [INFO] [64/153] 正在上传 064.jpg
[2025-02-15T15:07:01.800Z] [INFO] [65/153] 正在上传 065.jpg
[2025-02-15T15:07:04.783Z] [INFO] [66/153] 正在上传 066.jpg
[2025-02-15T15:07:07.743Z] [INFO] [67/153] 正在上传 067.jpg
[2025-02-15T15:07:11.805Z] [INFO] [68/153] 正在上传 068.jpg
[2025-02-15T15:07:15.050Z] [INFO] [69/153] 正在上传 069.jpg
[2025-02-15T15:07:17.894Z] [INFO] [70/153] 正在上传 070.jpg
[2025-02-15T15:07:20.206Z] [INFO] [71/153] 正在上传 071.jpg
[2025-02-15T15:07:23.777Z] [INFO] [72/153] 正在上传 072.jpg
[2025-02-15T15:07:26.618Z] [INFO] [73/153] 正在上传 073.jpg
[2025-02-15T15:07:28.146Z] [INFO] [74/153] 正在上传 074.jpg
[2025-02-15T15:07:28.742Z] [INFO] [75/153] 正在上传 075.jpg
[2025-02-15T15:07:31.040Z] [INFO] [76/153] 正在上传 076.jpg
[2025-02-15T15:07:34.300Z] [INFO] [77/153] 正在上传 077.jpg
[2025-02-15T15:07:37.770Z] [INFO] [78/153] 正在上传 078.jpg
[2025-02-15T15:07:40.395Z] [INFO] [79/153] 正在上传 079.jpg
[2025-02-15T15:07:50.104Z] [INFO] [80/153] 正在上传 080.jpg
[2025-02-15T15:07:52.939Z] [INFO] [81/153] 正在上传 081.jpg
[2025-02-15T15:07:56.450Z] [INFO] [82/153] 正在上传 082.jpg
[2025-02-15T15:08:00.320Z] [INFO] [83/153] 正在上传 083.jpg
[2025-02-15T15:08:03.358Z] [INFO] [84/153] 正在上传 084.jpg
[2025-02-15T15:08:07.919Z] [INFO] [85/153] 正在上传 085.jpg
[2025-02-15T15:08:10.427Z] [INFO] [86/153] 正在上传 086.jpg
[2025-02-15T15:08:12.955Z] [INFO] [87/153] 正在上传 087.jpg
[2025-02-15T15:08:14.513Z] [INFO] [88/153] 正在上传 088.jpg
[2025-02-15T15:08:15.164Z] [INFO] [89/153] 正在上传 089.jpg
[2025-02-15T15:08:17.338Z] [INFO] [90/153] 正在上传 090.jpg
[2025-02-15T15:08:21.426Z] [INFO] [91/153] 正在上传 091.jpg
[2025-02-15T15:08:25.403Z] [INFO] [92/153] 正在上传 092.jpg
[2025-02-15T15:08:28.468Z] [INFO] [93/153] 正在上传 093.jpg
[2025-02-15T15:08:31.175Z] [INFO] [94/153] 正在上传 094.jpg
[2025-02-15T15:08:34.106Z] [INFO] [95/153] 正在上传 095.jpg
[2025-02-15T15:08:36.642Z] [INFO] [96/153] 正在上传 096.jpg
[2025-02-15T15:08:39.885Z] [INFO] [97/153] 正在上传 097.jpg
[2025-02-15T15:08:42.609Z] [INFO] [98/153] 正在上传 098.jpg
[2025-02-15T15:08:46.260Z] [INFO] [99/153] 正在上传 099.jpg
[2025-02-15T15:08:51.786Z] [INFO] [100/153] 正在上传 100.jpg
[2025-02-15T15:08:54.984Z] [INFO] [101/153] 正在上传 101.jpg
[2025-02-15T15:08:56.690Z] [INFO] [102/153] 正在上传 102.jpg
[2025-02-15T15:08:57.405Z] [INFO] [103/153] 正在上传 103.jpg
[2025-02-15T15:09:00.186Z] [INFO] [104/153] 正在上传 104.jpg
[2025-02-15T15:09:03.725Z] [INFO] [105/153] 正在上传 105.jpg
[2025-02-15T15:09:06.613Z] [INFO] [106/153] 正在上传 106.jpg
[2025-02-15T15:09:08.755Z] [INFO] [107/153] 正在上传 107.jpg
[2025-02-15T15:09:11.223Z] [INFO] [108/153] 正在上传 108.jpg
[2025-02-15T15:09:14.545Z] [INFO] [109/153] 正在上传 109.jpg
[2025-02-15T15:09:16.993Z] [INFO] [110/153] 正在上传 110.jpg
[2025-02-15T15:09:21.177Z] [INFO] [111/153] 正在上传 111.jpg
[2025-02-15T15:09:24.001Z] [INFO] [112/153] 正在上传 112.jpg
[2025-02-15T15:09:27.348Z] [INFO] [113/153] 正在上传 113.jpg
[2025-02-15T15:09:31.031Z] [INFO] [114/153] 正在上传 114.jpg
[2025-02-15T15:09:34.168Z] [INFO] [115/153] 正在上传 115.jpg
[2025-02-15T15:09:35.874Z] [INFO] [116/153] 正在上传 116.jpg
[2025-02-15T15:09:36.751Z] [INFO] [117/153] 正在上传 117.jpg
[2025-02-15T15:09:38.656Z] [INFO] [118/153] 正在上传 118.jpg
[2025-02-15T15:09:42.274Z] [INFO] [119/153] 正在上传 119.jpg
[2025-02-15T15:10:00.406Z] [INFO] [119/153] 正在上传 119.jpg (第 1 次重试)
[2025-02-15T15:10:03.762Z] [INFO] [120/153] 正在上传 120.jpg
[2025-02-15T15:10:06.786Z] [INFO] [121/153] 正在上传 121.jpg
[2025-02-15T15:10:08.521Z] [INFO] [122/153] 正在上传 122.jpg
[2025-02-15T15:10:11.558Z] [INFO] [123/153] 正在上传 123.jpg
[2025-02-15T15:10:14.428Z] [INFO] [124/153] 正在上传 124.jpg
[2025-02-15T15:10:16.483Z] [INFO] [125/153] 正在上传 125.jpg
[2025-02-15T15:10:18.420Z] [INFO] [126/153] 正在上传 126.jpg
[2025-02-15T15:10:20.594Z] [INFO] [127/153] 正在上传 127.jpg
[2025-02-15T15:10:22.747Z] [INFO] [128/153] 正在上传 128.jpg
[2025-02-15T15:10:25.179Z] [INFO] [129/153] 正在上传 129.jpg
[2025-02-15T15:10:26.648Z] [INFO] [130/153] 正在上传 130.jpg
[2025-02-15T15:10:27.237Z] [INFO] [131/153] 正在上传 131.jpg
[2025-02-15T15:10:29.004Z] [INFO] [132/153] 正在上传 132.jpg
[2025-02-15T15:10:31.659Z] [INFO] [133/153] 正在上传 133.jpg
[2025-02-15T15:10:34.284Z] [INFO] [134/153] 正在上传 134.jpg
[2025-02-15T15:10:36.590Z] [INFO] [135/153] 正在上传 135.jpg
[2025-02-15T15:10:38.805Z] [INFO] [136/153] 正在上传 136.jpg
[2025-02-15T15:10:40.949Z] [INFO] [137/153] 正在上传 137.jpg
[2025-02-15T15:10:43.653Z] [INFO] [138/153] 正在上传 138.jpg
[2025-02-15T15:10:45.872Z] [INFO] [139/153] 正在上传 139.jpg
[2025-02-15T15:10:58.194Z] [INFO] [139/153] 正在上传 139.jpg (第 1 次重试)
[2025-02-15T15:11:04.686Z] [INFO] [140/153] 正在上传 140.jpg
[2025-02-15T15:11:07.978Z] [INFO] [141/153] 正在上传 141.jpg
[2025-02-15T15:11:12.368Z] [INFO] [142/153] 正在上传 142.jpg
[2025-02-15T15:11:15.263Z] [INFO] [143/153] 正在上传 143.jpg
[2025-02-15T15:11:17.341Z] [INFO] [144/153] 正在上传 144.jpg
[2025-02-15T15:11:19.576Z] [INFO] [145/153] 正在上传 145.jpg
[2025-02-15T15:11:21.850Z] [INFO] [146/153] 正在上传 146.jpg
[2025-02-15T15:11:24.219Z] [INFO] [147/153] 正在上传 147.jpg
[2025-02-15T15:11:26.472Z] [INFO] [148/153] 正在上传 148.jpg
[2025-02-15T15:11:29.032Z] [INFO] [149/153] 正在上传 149.jpg
[2025-02-15T15:11:31.717Z] [INFO] [150/153] 正在上传 150.jpg
[2025-02-15T15:11:34.307Z] [INFO] [151/153] 正在上传 151.jpg
[2025-02-15T15:11:36.480Z] [INFO] [152/153] 正在上传 152.jpg
[2025-02-15T15:11:38.568Z] [INFO] [153/153] 正在上传 153.jpg
[2025-02-15T15:11:41.173Z] [INFO] Telegraph 账户创建成功
[2025-02-15T15:11:41.174Z] [INFO] 获取 accessToken: ab0808d8b129ef22d6bf8e005c759552b6d6ed29f00cf26e41f573b3985f
[2025-02-15T15:11:42.193Z] [INFO] Telegraph 页面创建成功
[2025-02-15T15:11:42.745Z] [INFO] 页面标题修改成功
[2025-02-15T15:11:42.745Z] [INFO] 最终页面地址：https://telegra.ph/yuru-yuri-manga-vol21-2025-02-15
[2025-02-15T15:11:42.759Z] [INFO] 
上传完成！
成功上传 153/153 张图片
[2025-02-15T15:11:42.760Z] [INFO] JSON 结果：C:\Users\etsuyou\Desktop\telegraph-img-uploader\output\yuru-yuri-manga-vol21.json
[2025-02-15T15:11:42.760Z] [INFO] Markdown 文件：C:\Users\etsuyou\Desktop\telegraph-img-uploader\output\yuru-yuri-manga-vol21.md
[2025-02-15T15:11:42.761Z] [INFO] 程序正常退出
